[2018-12-27 16:14:42] DEBUG org.hibernate.validator.messageinterpolation.ResourceBundleMessageInterpolator 89 buildExpressionFactory - Loaded expression factory via original TCCL
[2018-12-27 16:14:42] DEBUG org.springframework.boot.StartupInfoLogger 53 logStarting - Running with Spring Boot v2.0.1.RELEASE, Spring v5.0.5.RELEASE
[2018-12-27 16:14:42] DEBUG org.hibernate.validator.internal.engine.ValidatorFactoryImpl 578 logValidatorFactoryScopedConfiguration - HV000234: Using org.hibernate.validator.messageinterpolation.ResourceBundleMessageInterpolator as ValidatorFactory-scoped message interpolator.
[2018-12-27 16:14:42] DEBUG org.hibernate.validator.internal.engine.ValidatorFactoryImpl 579 logValidatorFactoryScopedConfiguration - HV000234: Using org.hibernate.validator.internal.engine.resolver.TraverseAllTraversableResolver as ValidatorFactory-scoped traversable resolver.
[2018-12-27 16:14:42] DEBUG org.hibernate.validator.internal.engine.ValidatorFactoryImpl 580 logValidatorFactoryScopedConfiguration - HV000234: Using org.hibernate.validator.internal.util.ExecutableParameterNameProvider as ValidatorFactory-scoped parameter name provider.
[2018-12-27 16:14:42] DEBUG org.hibernate.validator.internal.engine.ValidatorFactoryImpl 581 logValidatorFactoryScopedConfiguration - HV000234: Using org.hibernate.validator.internal.engine.DefaultClockProvider as ValidatorFactory-scoped clock provider.
[2018-12-27 16:14:42] DEBUG org.hibernate.validator.internal.engine.ValidatorFactoryImpl 582 logValidatorFactoryScopedConfiguration - HV000234: Using org.hibernate.validator.internal.engine.scripting.DefaultScriptEvaluatorFactory as ValidatorFactory-scoped script evaluator factory.
[2018-12-27 16:17:39] DEBUG org.hibernate.validator.messageinterpolation.ResourceBundleMessageInterpolator 89 buildExpressionFactory - Loaded expression factory via original TCCL
[2018-12-27 16:17:39] DEBUG org.springframework.boot.StartupInfoLogger 53 logStarting - Running with Spring Boot v2.0.1.RELEASE, Spring v5.0.5.RELEASE
[2018-12-27 16:17:39] DEBUG org.hibernate.validator.internal.engine.ValidatorFactoryImpl 578 logValidatorFactoryScopedConfiguration - HV000234: Using org.hibernate.validator.messageinterpolation.ResourceBundleMessageInterpolator as ValidatorFactory-scoped message interpolator.
[2018-12-27 16:17:39] DEBUG org.hibernate.validator.internal.engine.ValidatorFactoryImpl 579 logValidatorFactoryScopedConfiguration - HV000234: Using org.hibernate.validator.internal.engine.resolver.TraverseAllTraversableResolver as ValidatorFactory-scoped traversable resolver.
[2018-12-27 16:17:39] DEBUG org.hibernate.validator.internal.engine.ValidatorFactoryImpl 580 logValidatorFactoryScopedConfiguration - HV000234: Using org.hibernate.validator.internal.util.ExecutableParameterNameProvider as ValidatorFactory-scoped parameter name provider.
[2018-12-27 16:17:39] DEBUG org.hibernate.validator.internal.engine.ValidatorFactoryImpl 581 logValidatorFactoryScopedConfiguration - HV000234: Using org.hibernate.validator.internal.engine.DefaultClockProvider as ValidatorFactory-scoped clock provider.
[2018-12-27 16:17:39] DEBUG org.hibernate.validator.internal.engine.ValidatorFactoryImpl 582 logValidatorFactoryScopedConfiguration - HV000234: Using org.hibernate.validator.internal.engine.scripting.DefaultScriptEvaluatorFactory as ValidatorFactory-scoped script evaluator factory.
[2018-12-27 16:17:50] DEBUG org.apache.ibatis.logging.LogFactory 135 setImplementation - Logging initialized using 'class org.apache.ibatis.logging.slf4j.Slf4jImpl' adapter.
[2018-12-27 16:17:54] DEBUG org.hibernate.validator.internal.engine.resolver.TraversableResolvers 60 getDefault - Cannot find javax.persistence.Persistence on classpath. Assuming non JPA 2 environment. All properties will per default be traversable.
[2018-12-27 16:17:54] DEBUG org.hibernate.validator.messageinterpolation.ResourceBundleMessageInterpolator 89 buildExpressionFactory - Loaded expression factory via original TCCL
[2018-12-27 16:17:54] DEBUG org.hibernate.validator.internal.engine.resolver.TraversableResolvers 60 getDefault - Cannot find javax.persistence.Persistence on classpath. Assuming non JPA 2 environment. All properties will per default be traversable.
[2018-12-27 16:17:54] DEBUG org.hibernate.validator.internal.engine.ConfigurationImpl 148 messageInterpolator - Setting custom MessageInterpolator of type org.springframework.validation.beanvalidation.LocaleContextMessageInterpolator
[2018-12-27 16:17:54] DEBUG org.hibernate.validator.internal.engine.ConfigurationImpl 180 constraintValidatorFactory - Setting custom ConstraintValidatorFactory of type org.springframework.validation.beanvalidation.SpringConstraintValidatorFactory
[2018-12-27 16:17:54] DEBUG org.hibernate.validator.internal.engine.ConfigurationImpl 194 parameterNameProvider - Setting custom ParameterNameProvider of type org.springframework.validation.beanvalidation.LocalValidatorFactoryBean$1
[2018-12-27 16:17:54] DEBUG org.hibernate.validator.internal.xml.ValidationXmlParser 133 getValidationXmlInputStream - Trying to load META-INF/validation.xml for XML based Validator configuration.
[2018-12-27 16:17:54] DEBUG org.hibernate.validator.internal.xml.ResourceLoaderHelper 53 getResettableInputStreamForPath - Trying to load META-INF/validation.xml via user class loader
[2018-12-27 16:17:54] DEBUG org.hibernate.validator.internal.xml.ResourceLoaderHelper 60 getResettableInputStreamForPath - Trying to load META-INF/validation.xml via TCCL
[2018-12-27 16:17:54] DEBUG org.hibernate.validator.internal.xml.ResourceLoaderHelper 66 getResettableInputStreamForPath - Trying to load META-INF/validation.xml via Hibernate Validator's class loader
[2018-12-27 16:17:54] DEBUG org.hibernate.validator.internal.xml.ValidationXmlParser 140 getValidationXmlInputStream - No META-INF/validation.xml found. Using annotation based configuration only.
[2018-12-27 16:17:54] DEBUG org.hibernate.validator.internal.engine.ValidatorFactoryImpl 578 logValidatorFactoryScopedConfiguration - HV000234: Using org.springframework.validation.beanvalidation.LocaleContextMessageInterpolator as ValidatorFactory-scoped message interpolator.
[2018-12-27 16:17:54] DEBUG org.hibernate.validator.internal.engine.ValidatorFactoryImpl 579 logValidatorFactoryScopedConfiguration - HV000234: Using org.hibernate.validator.internal.engine.resolver.TraverseAllTraversableResolver as ValidatorFactory-scoped traversable resolver.
[2018-12-27 16:17:54] DEBUG org.hibernate.validator.internal.engine.ValidatorFactoryImpl 580 logValidatorFactoryScopedConfiguration - HV000234: Using org.hibernate.validator.internal.util.ExecutableParameterNameProvider as ValidatorFactory-scoped parameter name provider.
[2018-12-27 16:17:54] DEBUG org.hibernate.validator.internal.engine.ValidatorFactoryImpl 581 logValidatorFactoryScopedConfiguration - HV000234: Using org.hibernate.validator.internal.engine.DefaultClockProvider as ValidatorFactory-scoped clock provider.
[2018-12-27 16:17:54] DEBUG org.hibernate.validator.internal.engine.ValidatorFactoryImpl 582 logValidatorFactoryScopedConfiguration - HV000234: Using org.hibernate.validator.internal.engine.scripting.DefaultScriptEvaluatorFactory as ValidatorFactory-scoped script evaluator factory.
[2018-12-27 16:20:45] DEBUG org.apache.ibatis.logging.jdbc.BaseJdbcLogger 159 debug - ==>  Preparing: SELECT id,`key`,setting FROM systemsetting WHERE `key`=? 
[2018-12-27 16:20:48] DEBUG org.apache.ibatis.logging.jdbc.BaseJdbcLogger 159 debug - ==> Parameters: SiteInfo(String)
[2018-12-27 16:20:48] DEBUG org.apache.ibatis.logging.jdbc.BaseJdbcLogger 159 debug - ==>  Preparing: SELECT id,`key`,setting FROM systemsetting WHERE `key`=? 
[2018-12-27 16:20:48] DEBUG org.apache.ibatis.logging.jdbc.BaseJdbcLogger 159 debug - ==> Parameters: SiteInfo(String)
