[2018-12-27 16:14:42] INFO  org.springframework.boot.StartupInfoLogger 50 logStarting - Starting Application on ZLS2W6UK8C7EJOI with PID 17332 (G:\xxl\JavaSpace\springboot\target\classes started by Administrator in G:\xxl\JavaSpace\springboot)
[2018-12-27 16:14:42] INFO  org.springframework.boot.SpringApplication 663 logStartupProfileInfo - The following profiles are active: dev
[2018-12-27 16:14:42] INFO  org.springframework.context.support.AbstractApplicationContext 590 prepareRefresh - Refreshing org.springframework.boot.web.servlet.context.AnnotationConfigServletWebServerApplicationContext@61386958: startup date [Thu Dec 27 16:14:42 CST 2018]; root of context hierarchy
[2018-12-27 16:15:16] INFO  org.springframework.context.support.PostProcessorRegistrationDelegate$BeanPostProcessorChecker 328 postProcessAfterInitialization - Bean 'org.springframework.transaction.annotation.ProxyTransactionManagementConfiguration' of type [org.springframework.transaction.annotation.ProxyTransactionManagementConfiguration$$EnhancerBySpringCGLIB$$32ca0683] is not eligible for getting processed by all BeanPostProcessors (for example: not eligible for auto-proxying)
[2018-12-27 16:15:29] INFO  org.springframework.boot.web.embedded.tomcat.TomcatWebServer 91 initialize - Tomcat initialized with port(s): 9091 (http)
[2018-12-27 16:15:29] INFO  org.apache.juli.logging.DirectJDKLog 180 log - Initializing ProtocolHandler ["http-nio-9091"]
[2018-12-27 16:15:30] INFO  org.apache.juli.logging.DirectJDKLog 180 log - Starting service [Tomcat]
[2018-12-27 16:15:30] INFO  org.apache.juli.logging.DirectJDKLog 180 log - Starting Servlet Engine: Apache Tomcat/8.5.29
[2018-12-27 16:15:30] INFO  org.apache.juli.logging.DirectJDKLog 180 log - The APR based Apache Tomcat Native library which allows optimal performance in production environments was not found on the java.library.path: [F:\Java\JDK\jdk1.8.0_11\bin;C:\windows\Sun\Java\bin;C:\windows\system32;C:\windows;F:/Java/JDK/jdk1.8.0_11/bin/../jre/bin/server;F:/Java/JDK/jdk1.8.0_11/bin/../jre/bin;F:/Java/JDK/jdk1.8.0_11/bin/../jre/lib/amd64;C:\windows\system32;C:\windows;C:\windows\System32\Wbem;C:\windows\System32\WindowsPowerShell\v1.0\;C:\Program Files (x86)\Microsoft SQL Server\100\Tools\Binn\;C:\Program Files\Microsoft SQL Server\100\Tools\Binn\;C:\Program Files\Microsoft SQL Server\100\DTS\Binn\;C:\Program Files (x86)\Microsoft SQL Server\100\DTS\Binn\;C:\Program Files (x86)\Microsoft SQL Server\100\Tools\Binn\VSShell\Common7\IDE\;C:\Program Files (x86)\Microsoft Visual Studio 9.0\Common7\IDE\PrivateAssemblies\;C:\Program Files\TortoiseSVN\bin;C:\windows\system32\config\systemprofile\.dnx\bin;C:\Program Files\Microsoft DNX\Dnvm\;C:\Program Files\Microsoft SQL Server\130\Tools\Binn\;D:\Program Files (x86)\VisualSVN\bin;F:\Java\JDK\jdk1.8.0_11\bin;F:\Java\Maven\apache-maven-3.2.3\bin;D:\Program Files\Git\cmd;D:\Program Files\TortoiseGit\bin;D:\Program Files\nuget;;F:\Java\Eclipse\eclipse;;.]
[2018-12-27 16:15:30] INFO  org.apache.juli.logging.DirectJDKLog 180 log - At least one JAR was scanned for TLDs yet contained no TLDs. Enable debug logging for this logger for a complete list of JARs that were scanned but no TLDs were found in them. Skipping unneeded JARs during scanning can improve startup time and JSP compilation time.
[2018-12-27 16:15:30] INFO  org.apache.juli.logging.DirectJDKLog 180 log - Initializing Spring embedded WebApplicationContext
[2018-12-27 16:15:30] INFO  org.springframework.boot.web.servlet.context.ServletWebServerApplicationContext 285 prepareWebApplicationContext - Root WebApplicationContext: initialization completed in 48028 ms
[2018-12-27 16:15:54] INFO  com.alibaba.druid.pool.DruidDataSource 930 init - {dataSource-1} inited
[2018-12-27 16:15:54] INFO  org.apache.juli.logging.DirectJDKLog 180 log - Stopping service [Tomcat]
[2018-12-27 16:15:54] INFO  org.springframework.boot.autoconfigure.logging.ConditionEvaluationReportLoggingListener 101 logAutoConfigurationReport - 

Error starting ApplicationContext. To display the conditions report re-run your application with 'debug' enabled.
[2018-12-27 16:17:39] INFO  org.springframework.boot.StartupInfoLogger 50 logStarting - Starting Application on ZLS2W6UK8C7EJOI with PID 15788 (G:\xxl\JavaSpace\springboot\target\classes started by Administrator in G:\xxl\JavaSpace\springboot)
[2018-12-27 16:17:39] INFO  org.springframework.boot.SpringApplication 663 logStartupProfileInfo - The following profiles are active: dev
[2018-12-27 16:17:40] INFO  org.springframework.context.support.AbstractApplicationContext 590 prepareRefresh - Refreshing org.springframework.boot.web.servlet.context.AnnotationConfigServletWebServerApplicationContext@482bce4f: startup date [Thu Dec 27 16:17:40 CST 2018]; root of context hierarchy
[2018-12-27 16:17:47] INFO  org.springframework.context.support.PostProcessorRegistrationDelegate$BeanPostProcessorChecker 328 postProcessAfterInitialization - Bean 'org.springframework.transaction.annotation.ProxyTransactionManagementConfiguration' of type [org.springframework.transaction.annotation.ProxyTransactionManagementConfiguration$$EnhancerBySpringCGLIB$$640a82f2] is not eligible for getting processed by all BeanPostProcessors (for example: not eligible for auto-proxying)
[2018-12-27 16:17:48] INFO  org.springframework.boot.web.embedded.tomcat.TomcatWebServer 91 initialize - Tomcat initialized with port(s): 9091 (http)
[2018-12-27 16:17:48] INFO  org.apache.juli.logging.DirectJDKLog 180 log - Initializing ProtocolHandler ["http-nio-9091"]
[2018-12-27 16:17:48] INFO  org.apache.juli.logging.DirectJDKLog 180 log - Starting service [Tomcat]
[2018-12-27 16:17:48] INFO  org.apache.juli.logging.DirectJDKLog 180 log - Starting Servlet Engine: Apache Tomcat/8.5.29
[2018-12-27 16:17:48] INFO  org.apache.juli.logging.DirectJDKLog 180 log - The APR based Apache Tomcat Native library which allows optimal performance in production environments was not found on the java.library.path: [F:\Java\JDK\jdk1.8.0_11\bin;C:\windows\Sun\Java\bin;C:\windows\system32;C:\windows;F:/Java/JDK/jdk1.8.0_11/bin/../jre/bin/server;F:/Java/JDK/jdk1.8.0_11/bin/../jre/bin;F:/Java/JDK/jdk1.8.0_11/bin/../jre/lib/amd64;C:\windows\system32;C:\windows;C:\windows\System32\Wbem;C:\windows\System32\WindowsPowerShell\v1.0\;C:\Program Files (x86)\Microsoft SQL Server\100\Tools\Binn\;C:\Program Files\Microsoft SQL Server\100\Tools\Binn\;C:\Program Files\Microsoft SQL Server\100\DTS\Binn\;C:\Program Files (x86)\Microsoft SQL Server\100\DTS\Binn\;C:\Program Files (x86)\Microsoft SQL Server\100\Tools\Binn\VSShell\Common7\IDE\;C:\Program Files (x86)\Microsoft Visual Studio 9.0\Common7\IDE\PrivateAssemblies\;C:\Program Files\TortoiseSVN\bin;C:\windows\system32\config\systemprofile\.dnx\bin;C:\Program Files\Microsoft DNX\Dnvm\;C:\Program Files\Microsoft SQL Server\130\Tools\Binn\;D:\Program Files (x86)\VisualSVN\bin;F:\Java\JDK\jdk1.8.0_11\bin;F:\Java\Maven\apache-maven-3.2.3\bin;D:\Program Files\Git\cmd;D:\Program Files\TortoiseGit\bin;D:\Program Files\nuget;;F:\Java\Eclipse\eclipse;;.]
[2018-12-27 16:17:49] INFO  org.apache.juli.logging.DirectJDKLog 180 log - At least one JAR was scanned for TLDs yet contained no TLDs. Enable debug logging for this logger for a complete list of JARs that were scanned but no TLDs were found in them. Skipping unneeded JARs during scanning can improve startup time and JSP compilation time.
[2018-12-27 16:17:49] INFO  org.apache.juli.logging.DirectJDKLog 180 log - Initializing Spring embedded WebApplicationContext
[2018-12-27 16:17:49] INFO  org.springframework.boot.web.servlet.context.ServletWebServerApplicationContext 285 prepareWebApplicationContext - Root WebApplicationContext: initialization completed in 9080 ms
[2018-12-27 16:17:50] INFO  com.alibaba.druid.pool.DruidDataSource 930 init - {dataSource-1} inited
[2018-12-27 16:17:52] INFO  org.springframework.boot.web.servlet.ServletRegistrationBean 185 addRegistration - Servlet statViewServlet mapped to [/druid/*]
[2018-12-27 16:17:52] INFO  org.springframework.boot.web.servlet.ServletRegistrationBean 185 addRegistration - Servlet uploadServlet mapped to [/uploader]
[2018-12-27 16:17:52] INFO  org.springframework.boot.web.servlet.ServletRegistrationBean 185 addRegistration - Servlet dispatcherServlet mapped to [/]
[2018-12-27 16:17:52] INFO  org.springframework.boot.web.servlet.ServletRegistrationBean 185 addRegistration - Servlet statViewServlet mapped to [/druid/*]
[2018-12-27 16:17:52] INFO  org.springframework.boot.web.servlet.DynamicRegistrationBean 111 register - Servlet statViewServlet was not registered (possibly already registered?)
[2018-12-27 16:17:52] INFO  org.springframework.boot.web.servlet.AbstractFilterRegistrationBean 244 configure - Mapping filter: 'characterEncodingFilter' to: [/*]
[2018-12-27 16:17:52] INFO  org.springframework.boot.web.servlet.AbstractFilterRegistrationBean 244 configure - Mapping filter: 'hiddenHttpMethodFilter' to: [/*]
[2018-12-27 16:17:52] INFO  org.springframework.boot.web.servlet.AbstractFilterRegistrationBean 244 configure - Mapping filter: 'httpPutFormContentFilter' to: [/*]
[2018-12-27 16:17:52] INFO  org.springframework.boot.web.servlet.AbstractFilterRegistrationBean 244 configure - Mapping filter: 'requestContextFilter' to: [/*]
[2018-12-27 16:17:52] INFO  org.springframework.boot.web.servlet.AbstractFilterRegistrationBean 257 configure - Mapping filter: 'webStatFilter' to urls: [/*]
[2018-12-27 16:17:52] INFO  org.springframework.boot.web.servlet.DynamicRegistrationBean 111 register - Filter webStatFilter was not registered (possibly already registered?)
[2018-12-27 16:17:54] INFO  org.springframework.web.servlet.handler.AbstractHandlerMethodMapping$MappingRegistry 547 register - Mapped "{[/admin/index]}" onto public org.springframework.web.servlet.ModelAndView cn.main.admin.home.controller.AdminHomeController.index(java.util.Map<java.lang.String, java.lang.Object>)
[2018-12-27 16:17:54] INFO  org.springframework.web.servlet.handler.AbstractHandlerMethodMapping$MappingRegistry 547 register - Mapped "{[/admin || /admin/login]}" onto public org.springframework.web.servlet.ModelAndView cn.main.admin.login.controller.AdminLoginController.login(java.util.Map<java.lang.String, java.lang.Object>)
[2018-12-27 16:17:54] INFO  org.springframework.web.servlet.handler.AbstractHandlerMethodMapping$MappingRegistry 547 register - Mapped "{[/api/setting/getSiteInfo]}" onto public java.util.Map<java.lang.String, java.lang.Object> cn.main.api.controller.SettingController.getSiteInfo(java.lang.Integer)
[2018-12-27 16:17:54] INFO  org.springframework.web.servlet.handler.AbstractHandlerMethodMapping$MappingRegistry 547 register - Mapped "{[/error/{code}]}" onto public java.lang.String cn.main.error.GlobalErrorController.index(java.lang.String)
[2018-12-27 16:17:54] INFO  org.springframework.web.servlet.handler.AbstractHandlerMethodMapping$MappingRegistry 547 register - Mapped "{[/error/notallow]}" onto public java.lang.String cn.main.error.GlobalErrorController.notAllow()
[2018-12-27 16:17:54] INFO  org.springframework.web.servlet.handler.AbstractHandlerMethodMapping$MappingRegistry 547 register - Mapped "{[/pay/result/alipayWapPay]}" onto public org.springframework.web.servlet.ModelAndView cn.Pay.controller.PayController.alipayWebPayResult(javax.servlet.http.HttpServletRequest)
[2018-12-27 16:17:54] INFO  org.springframework.web.servlet.handler.AbstractHandlerMethodMapping$MappingRegistry 547 register - Mapped "{[/pay/result/alipayPay]}" onto public org.springframework.web.servlet.ModelAndView cn.Pay.controller.PayController.alipayPayResult(javax.servlet.http.HttpServletRequest)
[2018-12-27 16:17:54] INFO  org.springframework.web.servlet.handler.AbstractHandlerMethodMapping$MappingRegistry 547 register - Mapped "{[/pay/notify/alipayPay || /pay/notify/alipayWapPay || /pay/notify/alipayAppPay]}" onto public java.lang.String cn.Pay.controller.PayController.alipayPayNotify(javax.servlet.http.HttpServletRequest)
[2018-12-27 16:17:54] INFO  org.springframework.web.servlet.handler.AbstractHandlerMethodMapping$MappingRegistry 547 register - Mapped "{[/pay/result/wechatPay]}" onto public org.springframework.web.servlet.ModelAndView cn.Pay.controller.PayController.wechatPayResult(java.lang.String)
[2018-12-27 16:17:54] INFO  org.springframework.web.servlet.handler.AbstractHandlerMethodMapping$MappingRegistry 547 register - Mapped "{[/pay/payState]}" onto public java.util.Map<java.lang.String, java.lang.Object> cn.Pay.controller.PayController.getOrderPayState(java.lang.String)
[2018-12-27 16:17:54] INFO  org.springframework.web.servlet.handler.AbstractHandlerMethodMapping$MappingRegistry 547 register - Mapped "{[/pay/notify/wechatPay]}" onto public java.lang.String cn.Pay.controller.PayController.wechatPayNotify(javax.servlet.http.HttpServletRequest)
[2018-12-27 16:17:54] INFO  org.springframework.web.servlet.handler.AbstractHandlerMethodMapping$MappingRegistry 547 register - Mapped "{[/swagger-resources]}" onto public org.springframework.http.ResponseEntity<java.util.List<springfox.documentation.swagger.web.SwaggerResource>> springfox.documentation.swagger.web.ApiResourceController.swaggerResources()
[2018-12-27 16:17:54] INFO  org.springframework.web.servlet.handler.AbstractHandlerMethodMapping$MappingRegistry 547 register - Mapped "{[/swagger-resources/configuration/ui]}" onto public org.springframework.http.ResponseEntity<springfox.documentation.swagger.web.UiConfiguration> springfox.documentation.swagger.web.ApiResourceController.uiConfiguration()
[2018-12-27 16:17:54] INFO  org.springframework.web.servlet.handler.AbstractHandlerMethodMapping$MappingRegistry 547 register - Mapped "{[/swagger-resources/configuration/security]}" onto public org.springframework.http.ResponseEntity<springfox.documentation.swagger.web.SecurityConfiguration> springfox.documentation.swagger.web.ApiResourceController.securityConfiguration()
[2018-12-27 16:17:54] INFO  org.springframework.web.servlet.handler.AbstractHandlerMethodMapping$MappingRegistry 547 register - Mapped "{[/error]}" onto public org.springframework.http.ResponseEntity<java.util.Map<java.lang.String, java.lang.Object>> org.springframework.boot.autoconfigure.web.servlet.error.BasicErrorController.error(javax.servlet.http.HttpServletRequest)
[2018-12-27 16:17:54] INFO  org.springframework.web.servlet.handler.AbstractHandlerMethodMapping$MappingRegistry 547 register - Mapped "{[/error],produces=[text/html]}" onto public org.springframework.web.servlet.ModelAndView org.springframework.boot.autoconfigure.web.servlet.error.BasicErrorController.errorHtml(javax.servlet.http.HttpServletRequest,javax.servlet.http.HttpServletResponse)
[2018-12-27 16:17:54] INFO  org.springframework.web.servlet.handler.AbstractUrlHandlerMapping 373 registerHandler - Mapped URL path [/**/favicon.ico] onto handler of type [class org.springframework.web.servlet.resource.ResourceHttpRequestHandler]
[2018-12-27 16:17:54] INFO  org.springframework.web.servlet.mvc.method.annotation.RequestMappingHandlerAdapter 574 initControllerAdviceCache - Looking for @ControllerAdvice: org.springframework.boot.web.servlet.context.AnnotationConfigServletWebServerApplicationContext@482bce4f: startup date [Thu Dec 27 16:17:40 CST 2018]; root of context hierarchy
[2018-12-27 16:17:55] INFO  org.springframework.web.servlet.handler.AbstractUrlHandlerMapping 360 registerHandler - Root mapping to handler of type [class org.springframework.web.servlet.mvc.ParameterizableViewController]
[2018-12-27 16:17:55] INFO  org.springframework.web.servlet.handler.AbstractUrlHandlerMapping 373 registerHandler - Mapped URL path [/webjars/**] onto handler of type [class org.springframework.web.servlet.resource.ResourceHttpRequestHandler]
[2018-12-27 16:17:55] INFO  org.springframework.web.servlet.handler.AbstractUrlHandlerMapping 373 registerHandler - Mapped URL path [/**] onto handler of type [class org.springframework.web.servlet.resource.ResourceHttpRequestHandler]
[2018-12-27 16:17:55] INFO  org.springframework.web.servlet.handler.AbstractUrlHandlerMapping 373 registerHandler - Mapped URL path [/upload/**] onto handler of type [class org.springframework.web.servlet.resource.ResourceHttpRequestHandler]
[2018-12-27 16:17:55] INFO  org.springframework.jmx.export.MBeanExporter 433 afterSingletonsInstantiated - Registering beans for JMX exposure on startup
[2018-12-27 16:17:55] INFO  org.springframework.jmx.export.MBeanExporter 895 autodetect - Bean with name 'default' has been autodetected for JMX exposure
[2018-12-27 16:17:55] INFO  org.springframework.jmx.export.MBeanExporter 895 autodetect - Bean with name 'statFilter' has been autodetected for JMX exposure
[2018-12-27 16:17:55] INFO  org.springframework.jmx.export.MBeanExporter 668 registerBeanInstance - Located MBean 'default': registering with JMX server as MBean [com.alibaba.druid.pool:name=default,type=DruidDataSource]
[2018-12-27 16:17:55] INFO  org.springframework.jmx.export.MBeanExporter 668 registerBeanInstance - Located MBean 'statFilter': registering with JMX server as MBean [com.alibaba.druid.filter.stat:name=statFilter,type=StatFilter]
[2018-12-27 16:17:55] INFO  org.springframework.context.support.DefaultLifecycleProcessor$LifecycleGroup 351 start - Starting beans in phase 2147483647
[2018-12-27 16:17:56] INFO  org.apache.juli.logging.DirectJDKLog 180 log - Starting ProtocolHandler ["http-nio-9091"]
[2018-12-27 16:17:56] INFO  org.apache.juli.logging.DirectJDKLog 180 log - Using a shared selector for servlet write/read
[2018-12-27 16:17:56] INFO  org.springframework.boot.web.embedded.tomcat.TomcatWebServer 206 start - Tomcat started on port(s): 9091 (http) with context path ''
[2018-12-27 16:17:56] INFO  org.springframework.boot.StartupInfoLogger 59 logStarted - Started Application in 16.569 seconds (JVM running for 17.328)
[2018-12-27 16:19:57] INFO  org.apache.juli.logging.DirectJDKLog 180 log - Initializing Spring FrameworkServlet 'dispatcherServlet'
[2018-12-27 16:19:57] INFO  org.springframework.web.servlet.FrameworkServlet 494 initServletBean - FrameworkServlet 'dispatcherServlet': initialization started
[2018-12-27 16:19:57] INFO  org.springframework.web.servlet.FrameworkServlet 509 initServletBean - FrameworkServlet 'dispatcherServlet': initialization completed in 225 ms
[2018-12-27 16:20:48] INFO  org.springframework.beans.factory.xml.XmlBeanDefinitionReader 316 loadBeanDefinitions - Loading XML bean definitions from class path resource [org/springframework/jdbc/support/sql-error-codes.xml]
[2018-12-27 16:20:48] INFO  org.springframework.jdbc.support.SQLErrorCodesFactory 128 <init> - SQLErrorCodes loaded: [DB2, Derby, H2, HDB, HSQL, Informix, MS-SQL, MySQL, Oracle, PostgreSQL, Sybase]
