[2018-12-27 16:15:09] WARN  org.mybatis.spring.mapper.ClassPathMapperScanner 166 doScan - No MyBatis mapper was found in '[cn]' package. Please check your configuration.
[2018-12-27 16:15:54] WARN  org.apache.juli.logging.DirectJDKLog 180 log - The web application [ROOT] appears to have started a thread named [Druid-ConnectionPool-Create-425872221] but has failed to stop it. This is very likely to create a memory leak. Stack trace of thread:
 java.net.DualStackPlainSocketImpl.connect0(Native Method)
 java.net.DualStackPlainSocketImpl.socketConnect(DualStackPlainSocketImpl.java:79)
 java.net.AbstractPlainSocketImpl.doConnect(AbstractPlainSocketImpl.java:345)
 java.net.AbstractPlainSocketImpl.connectToAddress(AbstractPlainSocketImpl.java:206)
 java.net.AbstractPlainSocketImpl.connect(AbstractPlainSocketImpl.java:188)
 java.net.PlainSocketImpl.connect(PlainSocketImpl.java:172)
 java.net.SocksSocketImpl.connect(SocksSocketImpl.java:392)
 java.net.Socket.connect(Socket.java:589)
 com.mysql.jdbc.StandardSocketFactory.connect(StandardSocketFactory.java:211)
 com.mysql.jdbc.MysqlIO.<init>(MysqlIO.java:301)
 com.mysql.jdbc.ConnectionImpl.coreConnect(ConnectionImpl.java:2188)
 com.mysql.jdbc.ConnectionImpl.connectOneTryOnly(ConnectionImpl.java:2221)
 com.mysql.jdbc.ConnectionImpl.createNewIO(ConnectionImpl.java:2016)
 com.mysql.jdbc.ConnectionImpl.<init>(ConnectionImpl.java:776)
 com.mysql.jdbc.JDBC4Connection.<init>(JDBC4Connection.java:47)
 sun.reflect.NativeConstructorAccessorImpl.newInstance0(Native Method)
 sun.reflect.NativeConstructorAccessorImpl.newInstance(NativeConstructorAccessorImpl.java:62)
 sun.reflect.DelegatingConstructorAccessorImpl.newInstance(DelegatingConstructorAccessorImpl.java:45)
 java.lang.reflect.Constructor.newInstance(Constructor.java:408)
 com.mysql.jdbc.Util.handleNewInstance(Util.java:425)
 com.mysql.jdbc.ConnectionImpl.getInstance(ConnectionImpl.java:386)
 com.mysql.jdbc.NonRegisteringDriver.connect(NonRegisteringDriver.java:330)
 com.alibaba.druid.filter.FilterChainImpl.connection_connect(FilterChainImpl.java:156)
 com.alibaba.druid.filter.FilterAdapter.connection_connect(FilterAdapter.java:786)
 com.alibaba.druid.filter.FilterEventAdapter.connection_connect(FilterEventAdapter.java:38)
 com.alibaba.druid.filter.FilterChainImpl.connection_connect(FilterChainImpl.java:150)
 com.alibaba.druid.filter.FilterAdapter.connection_connect(FilterAdapter.java:786)
 com.alibaba.druid.filter.FilterChainImpl.connection_connect(FilterChainImpl.java:150)
 com.alibaba.druid.filter.stat.StatFilter.connection_connect(StatFilter.java:218)
 com.alibaba.druid.filter.FilterChainImpl.connection_connect(FilterChainImpl.java:150)
 com.alibaba.druid.pool.DruidAbstractDataSource.createPhysicalConnection(DruidAbstractDataSource.java:1560)
 com.alibaba.druid.pool.DruidAbstractDataSource.createPhysicalConnection(DruidAbstractDataSource.java:1623)
 com.alibaba.druid.pool.DruidDataSource$CreateConnectionThread.run(DruidDataSource.java:2468)
[2018-12-27 16:15:54] WARN  org.apache.juli.logging.DirectJDKLog 180 log - The web application [ROOT] appears to have started a thread named [Druid-ConnectionPool-Destroy-425872221] but has failed to stop it. This is very likely to create a memory leak. Stack trace of thread:
 java.lang.Thread.sleep(Native Method)
 com.alibaba.druid.pool.DruidDataSource$DestroyConnectionThread.run(DruidDataSource.java:2540)
[2018-12-27 16:15:54] WARN  org.springframework.context.support.AbstractApplicationContext 558 refresh - Exception encountered during context initialization - cancelling refresh attempt: org.springframework.context.ApplicationContextException: Unable to start web server; nested exception is org.springframework.boot.web.server.WebServerException: Unable to start embedded Tomcat
[2018-12-27 16:17:45] WARN  org.mybatis.spring.mapper.ClassPathMapperScanner 166 doScan - No MyBatis mapper was found in '[cn]' package. Please check your configuration.
